[debug] [2025-01-31T14:24:41.982Z] ----------------------------------------------------------------------
[debug] [2025-01-31T14:24:41.985Z] Command:       C:\Program Files\nodejs\node.exe C:\Users\HP\AppData\Local\Yarn\Data\global\node_modules\firebase-tools\lib\bin\firebase.js init
[debug] [2025-01-31T14:24:41.986Z] CLI Version:   13.29.1
[debug] [2025-01-31T14:24:41.986Z] Platform:      win32
[debug] [2025-01-31T14:24:41.986Z] Node Version:  v20.18.0
[debug] [2025-01-31T14:24:41.986Z] Time:          Fri Jan 31 2025 17:24:41 GMT+0300 (Arabian Standard Time)
[debug] [2025-01-31T14:24:41.987Z] ----------------------------------------------------------------------
[debug] 
[debug] [2025-01-31T14:24:41.991Z] >>> [apiv2][query] GET https://firebase-public.firebaseio.com/cli.json [none]
[debug] [2025-01-31T14:24:42.063Z] > command requires scopes: ["email","openid","https://www.googleapis.com/auth/cloudplatformprojects.readonly","https://www.googleapis.com/auth/firebase","https://www.googleapis.com/auth/cloud-platform"]
[debug] [2025-01-31T14:24:42.063Z] > authorizing via signed-in user (antonytitan96@gmail.com)
[info] 
     ######## #### ########  ######## ########     ###     ######  ########
     ##        ##  ##     ## ##       ##     ##  ##   ##  ##       ##
     ######    ##  ########  ######   ########  #########  ######  ######
     ##        ##  ##    ##  ##       ##     ## ##     ##       ## ##
     ##       #### ##     ## ######## ########  ##     ##  ######  ########

You're about to initialize a Firebase project in this directory:

  C:\Users\HP\projects\javascript\profile-edge

[debug] [2025-01-31T14:24:44.672Z] <<< [apiv2][status] GET https://firebase-public.firebaseio.com/cli.json 200
[debug] [2025-01-31T14:24:44.673Z] <<< [apiv2][body] GET https://firebase-public.firebaseio.com/cli.json {"cloudBuildErrorAfter":1594252800000,"cloudBuildWarnAfter":1590019200000,"defaultNode10After":1594252800000,"minVersion":"3.0.5","node8DeploysDisabledAfter":1613390400000,"node8RuntimeDisabledAfter":1615809600000,"node8WarnAfter":1600128000000}
[info] 
=== Project Setup
[info] 
[info] First, let's associate this project directory with a Firebase project.
[info] You can create multiple project aliases by running firebase use --add, 
[info] but for now we'll just set up a default project.
[info] 
[debug] [2025-01-31T14:25:16.713Z] Checked if tokens are valid: false, expires at: 1737132740908
[debug] [2025-01-31T14:25:16.713Z] Checked if tokens are valid: false, expires at: 1737132740908
[debug] [2025-01-31T14:25:16.713Z] > refreshing access token with scopes: []
[debug] [2025-01-31T14:25:16.714Z] >>> [apiv2][query] POST https://www.googleapis.com/oauth2/v3/token [none]
[debug] [2025-01-31T14:25:16.714Z] >>> [apiv2][body] POST https://www.googleapis.com/oauth2/v3/token [omitted]
[debug] [2025-01-31T14:25:18.046Z] <<< [apiv2][status] POST https://www.googleapis.com/oauth2/v3/token 200
[debug] [2025-01-31T14:25:18.046Z] <<< [apiv2][body] POST https://www.googleapis.com/oauth2/v3/token [omitted]
[debug] [2025-01-31T14:25:18.056Z] >>> [apiv2][query] GET https://firebase.googleapis.com/v1beta1/projects pageSize=100
[debug] [2025-01-31T14:25:20.481Z] <<< [apiv2][status] GET https://firebase.googleapis.com/v1beta1/projects 200
[debug] [2025-01-31T14:25:20.481Z] <<< [apiv2][body] GET https://firebase.googleapis.com/v1beta1/projects [omitted]
[info] i  Using project profile-edge-e5854 (Profile-Edge) 
[info] 
=== Firestore Setup
[debug] [2025-01-31T14:25:28.528Z] Checked if tokens are valid: true, expires at: 1738337117046
[debug] [2025-01-31T14:25:28.528Z] Checked if tokens are valid: true, expires at: 1738337117046
[debug] [2025-01-31T14:25:28.528Z] >>> [apiv2][query] GET https://serviceusage.googleapis.com/v1/projects/profile-edge-e5854/services/firestore.googleapis.com [none]
[debug] [2025-01-31T14:25:28.528Z] >>> [apiv2][(partial)header] GET https://serviceusage.googleapis.com/v1/projects/profile-edge-e5854/services/firestore.googleapis.com x-goog-quota-user=projects/profile-edge-e5854
[debug] [2025-01-31T14:25:33.143Z] <<< [apiv2][status] GET https://serviceusage.googleapis.com/v1/projects/profile-edge-e5854/services/firestore.googleapis.com 200
[debug] [2025-01-31T14:25:33.143Z] <<< [apiv2][body] GET https://serviceusage.googleapis.com/v1/projects/profile-edge-e5854/services/firestore.googleapis.com [omitted]
[debug] [2025-01-31T14:25:33.144Z] Checked if tokens are valid: true, expires at: 1738337117046
[debug] [2025-01-31T14:25:33.144Z] Checked if tokens are valid: true, expires at: 1738337117046
[debug] [2025-01-31T14:25:33.144Z] >>> [apiv2][query] GET https://firestore.googleapis.com/v1/projects/profile-edge-e5854/databases/(default) [none]
[debug] [2025-01-31T14:25:36.802Z] <<< [apiv2][status] GET https://firestore.googleapis.com/v1/projects/profile-edge-e5854/databases/(default) 200
[debug] [2025-01-31T14:25:36.802Z] <<< [apiv2][body] GET https://firestore.googleapis.com/v1/projects/profile-edge-e5854/databases/(default) {"name":"projects/profile-edge-e5854/databases/(default)","uid":"292faa19-d2a6-4c85-b2fe-609bf78629c5","createTime":"2025-01-24T11:32:56.883280Z","updateTime":"2025-01-24T11:32:56.883280Z","locationId":"eur3","type":"FIRESTORE_NATIVE","concurrencyMode":"PESSIMISTIC","versionRetentionPeriod":"3600s","earliestVersionTime":"2025-01-31T13:25:40.024139Z","appEngineIntegrationMode":"DISABLED","keyPrefix":"e","pointInTimeRecoveryEnablement":"POINT_IN_TIME_RECOVERY_DISABLED","deleteProtectionState":"DELETE_PROTECTION_DISABLED","databaseEdition":"STANDARD","etag":"IMn6nYmVoIsDMN6avJTgkIsD"}
[debug] [2025-01-31T14:25:36.802Z] database_type: FIRESTORE_NATIVE
[debug] [2025-01-31T14:25:36.802Z] database_type: FIRESTORE_NATIVE
[debug] [2025-01-31T14:25:36.803Z] > command requires scopes: ["email","openid","https://www.googleapis.com/auth/cloudplatformprojects.readonly","https://www.googleapis.com/auth/firebase","https://www.googleapis.com/auth/cloud-platform"]
[debug] [2025-01-31T14:25:36.803Z] > authorizing via signed-in user (antonytitan96@gmail.com)
[debug] [2025-01-31T14:25:36.803Z] [iam] checking project profile-edge-e5854 for permissions ["firebase.projects.get"]
[debug] [2025-01-31T14:25:36.803Z] Checked if tokens are valid: true, expires at: 1738337117046
[debug] [2025-01-31T14:25:36.803Z] Checked if tokens are valid: true, expires at: 1738337117046
[debug] [2025-01-31T14:25:36.803Z] >>> [apiv2][query] POST https://cloudresourcemanager.googleapis.com/v1/projects/profile-edge-e5854:testIamPermissions [none]
[debug] [2025-01-31T14:25:36.803Z] >>> [apiv2][(partial)header] POST https://cloudresourcemanager.googleapis.com/v1/projects/profile-edge-e5854:testIamPermissions x-goog-quota-user=projects/profile-edge-e5854
[debug] [2025-01-31T14:25:36.804Z] >>> [apiv2][body] POST https://cloudresourcemanager.googleapis.com/v1/projects/profile-edge-e5854:testIamPermissions {"permissions":["firebase.projects.get"]}
[debug] [2025-01-31T14:25:40.463Z] <<< [apiv2][status] POST https://cloudresourcemanager.googleapis.com/v1/projects/profile-edge-e5854:testIamPermissions 200
[debug] [2025-01-31T14:25:40.463Z] <<< [apiv2][body] POST https://cloudresourcemanager.googleapis.com/v1/projects/profile-edge-e5854:testIamPermissions {"permissions":["firebase.projects.get"]}
[info] 
[info] Firestore Security Rules allow you to define how and when to allow
[info] requests. You can keep these rules in your project directory
[info] and publish them with firebase deploy.
[info] 
